<?xml version="1.0" encoding="UTF-8"?>
<!-- Generated by org.testng.reporters.JUnitReportReporter -->
<testsuite skipped="0" hostname="LAPTOP-F7O2KE6E" name="samplePackage.FirstMavenClass" tests="1" failures="0" timestamp="08 Mar 2020 05:34:09 GMT" time="14.054" errors="0">
  <testcase name="test1" time="14.054" classname="samplePackage.FirstMavenClass"/>
</testsuite> <!-- samplePackage.FirstMavenClass -->
